Évaluation des projets
1 exécution
60 secondes
2 projets
4 problèmes

tsp.projects.evolution.Evolution2
C:\Users\Utilisateur\IdeaProjects\project_metaheuristique\data\bier127     	124811.33135690927
C:\Users\Utilisateur\IdeaProjects\project_metaheuristique\data\fnl4461     	223127.6086547418
C:\Users\Utilisateur\IdeaProjects\project_metaheuristique\data\gr666       	3931.2099351101847
C:\Users\Utilisateur\IdeaProjects\project_metaheuristique\data\surprise1350	10969.81360953295

tsp.projects.evolution.Evolution
C:\Users\Utilisateur\IdeaProjects\project_metaheuristique\data\bier127     	174728.8600348396
C:\Users\Utilisateur\IdeaProjects\project_metaheuristique\data\fnl4461     	6445690.876437466
C:\Users\Utilisateur\IdeaProjects\project_metaheuristique\data\gr666       	17462.91387002881
C:\Users\Utilisateur\IdeaProjects\project_metaheuristique\data\surprise1350	420185.4170491623

Projet 自然な選択
Pierre Henselmann
Évaluation: 0.0

Projet Natürliche Selektion
Pierre Henselmann
Évaluation: 1725.844167422486

